-------------------------------------------------------------------------------
Test set: TestSuite
-------------------------------------------------------------------------------
Tests run: 78, Failures: 13, Errors: 0, Skipped: 65, Time elapsed: 127.067 s <<< FAILURE! - in TestSuite
about(Homepage.Mainpage)  Time elapsed: 0.021 s  <<< FAILURE!
java.lang.IncompatibleClassChangeError: Expected static field Homepage.Mainpage.driver
	at Homepage.Mainpage.about(Mainpage.java:108)

arabicLanguage(Homepage.Mainpage)  Time elapsed: 0.002 s  <<< FAILURE!
java.lang.IncompatibleClassChangeError: Expected static field Homepage.Mainpage.driver
	at Homepage.Mainpage.arabicLanguage(Mainpage.java:135)

bbcTechFacebook(Homepage.Mainpage)  Time elapsed: 0 s  <<< FAILURE!
java.lang.IncompatibleClassChangeError: Expected static field Homepage.Mainpage.driver
	at Homepage.Mainpage.bbcTechFacebook(Mainpage.java:203)

bbcTechTwitter(Homepage.Mainpage)  Time elapsed: 0 s  <<< FAILURE!
java.lang.IncompatibleClassChangeError: Expected static field Homepage.Mainpage.driver
	at Homepage.Mainpage.bbcTechTwitter(Mainpage.java:196)

businessNews(Homepage.Mainpage)  Time elapsed: 0 s  <<< FAILURE!
java.lang.IncompatibleClassChangeError: Expected static field Homepage.Mainpage.driver
	at Homepage.Mainpage.businessNews(Mainpage.java:151)

capital(Homepage.Mainpage)  Time elapsed: 0.001 s  <<< FAILURE!
java.lang.IncompatibleClassChangeError: Expected static field Homepage.Mainpage.driver
	at Homepage.Mainpage.capital(Mainpage.java:61)

chicagoWeather(Homepage.Mainpage)  Time elapsed: 0 s  <<< FAILURE!
java.lang.IncompatibleClassChangeError: Expected static field Homepage.Mainpage.driver
	at Homepage.Mainpage.chicagoWeather(Mainpage.java:190)

contact(Homepage.Mainpage)  Time elapsed: 0 s  <<< FAILURE!
java.lang.IncompatibleClassChangeError: Expected static field Homepage.Mainpage.driver
	at Homepage.Mainpage.contact(Mainpage.java:96)

culture(Homepage.Mainpage)  Time elapsed: 0.002 s  <<< FAILURE!
java.lang.IncompatibleClassChangeError: Expected static field Homepage.Mainpage.driver
	at Homepage.Mainpage.culture(Mainpage.java:81)

faqs(Homepage.Mainpage)  Time elapsed: 0 s  <<< FAILURE!
java.lang.IncompatibleClassChangeError: Expected static field Homepage.Mainpage.driver
	at Homepage.Mainpage.faqs(Mainpage.java:102)

food(Homepage.Mainpage)  Time elapsed: 0 s  <<< FAILURE!
java.lang.IncompatibleClassChangeError: Expected static field Homepage.Mainpage.driver
	at Homepage.Mainpage.food(Mainpage.java:66)

future(Homepage.Mainpage)  Time elapsed: 0.001 s  <<< FAILURE!
java.lang.IncompatibleClassChangeError: Expected static field Homepage.Mainpage.driver
	at Homepage.Mainpage.future(Mainpage.java:76)

setUp(Homepage.Mainpage)  Time elapsed: 2.688 s  <<< FAILURE!
org.openqa.selenium.WebDriverException: 
unknown error: cannot determine loading status
from unknown error: cannot determine loading status
from disconnected: received Inspector.detached event
  (Session info: chrome=73.0.3683.86)
  (Driver info: chromedriver=2.46.628402 (536cd7adbad73a3783fdc2cab92ab2ba7ec361e1),platform=Windows NT 10.0.17134 x86_64) (WARNING: The server did not provide any stacktrace information)
Command duration or timeout: 0 milliseconds
Build info: version: '3.141.59', revision: 'e82be7d358', time: '2018-11-14T08:17:03'
System info: host: 'LAPTOP-B4IESNV0', ip: '192.168.0.123', os.name: 'Windows 10', os.arch: 'amd64', os.version: '10.0', java.version: '1.8.0_201'
Driver info: org.openqa.selenium.chrome.ChromeDriver
Capabilities {acceptInsecureCerts: false, acceptSslCerts: false, applicationCacheEnabled: false, browserConnectionEnabled: false, browserName: chrome, chrome: {chromedriverVersion: 2.46.628402 (536cd7adbad73a..., userDataDir: C:\Users\fazli\AppData\Loca...}, cssSelectorsEnabled: true, databaseEnabled: false, goog:chromeOptions: {debuggerAddress: localhost:62810}, handlesAlerts: true, hasTouchScreen: false, javascriptEnabled: true, locationContextEnabled: true, mobileEmulationEnabled: false, nativeEvents: true, networkConnectionEnabled: false, pageLoadStrategy: normal, platform: XP, platformName: XP, proxy: Proxy(), rotatable: false, setWindowRect: true, strictFileInteractability: false, takesHeapSnapshot: true, takesScreenshot: true, timeouts: {implicit: 0, pageLoad: 300000, script: 30000}, unexpectedAlertBehaviour: ignore, unhandledPromptBehavior: ignore, version: 73.0.3683.86, webStorageEnabled: true}
Session ID: 012ecd304bf803ecaff0ca90f0ffacb2

