<?xml version="1.0" encoding="UTF-8"?>
<testng-results skipped="0" failed="4" ignored="8" total="70" passed="58">
  <reporter-output>
    <line>
      <![CDATA[Extent Report DirectoryC:\Users\fazli\IdeaProjects\AutomationTeam11\BBC\target\surefire-reports\html]]>
    </line>
    <line>
      <![CDATA[Test News Link]]>
    </line>
    <line>
      <![CDATA[Test Sports Link]]>
    </line>
    <line>
      <![CDATA[Test Title]]>
    </line>
    <line>
      <![CDATA[Searchbar: ]]>
    </line>
    <line>
      <![CDATA[Searchbar:  1]]>
    </line>
  </reporter-output>
  <suite name="BBC Automation Script " duration-ms="970618" started-at="2019-03-30T18:21:09Z" finished-at="2019-03-30T18:37:19Z">
    <groups>
    </groups>
    <test name="BBC Test" duration-ms="970618" started-at="2019-03-30T18:21:09Z" finished-at="2019-03-30T18:37:19Z">
      <class name="Register.Registration">
        <test-method status="PASS" signature="setUp(boolean, java.lang.String, java.lang.String, java.lang.String, java.lang.String, java.lang.String, java.lang.String)[pri:0, instance:Register.Registration@458ad742]" name="setUp" is-config="true" duration-ms="8996" started-at="2019-03-30T18:33:58Z" finished-at="2019-03-30T18:34:07Z">
          <params>
            <param index="0">
              <value>
                <![CDATA[false]]>
              </value>
            </param>
            <param index="1">
              <value>
                <![CDATA[browserstack]]>
              </value>
            </param>
            <param index="2">
              <value>
                <![CDATA[OS X]]>
              </value>
            </param>
            <param index="3">
              <value>
                <![CDATA[Sierra]]>
              </value>
            </param>
            <param index="4">
              <value>
                <![CDATA[chrome]]>
              </value>
            </param>
            <param index="5">
              <value>
                <![CDATA[30.0]]>
              </value>
            </param>
            <param index="6">
              <value>
                <![CDATA[https://www.BBC.com/]]>
              </value>
            </param>
          </params>
          <reporter-output>
          </reporter-output>
        </test-method> <!-- setUp -->
        <test-method status="PASS" signature="enterDob()[pri:0, instance:Register.Registration@458ad742]" name="enterDob" duration-ms="3672" started-at="2019-03-30T18:34:07Z" finished-at="2019-03-30T18:34:11Z">
          <reporter-output>
          </reporter-output>
        </test-method> <!-- enterDob -->
        <test-method status="PASS" signature="startExtent(java.lang.reflect.Method)[pri:0, instance:Register.Registration@458ad742]" name="startExtent" is-config="true" duration-ms="0" started-at="2019-03-30T18:34:07Z" finished-at="2019-03-30T18:34:07Z">
          <params>
            <param index="0">
              <value>
                <![CDATA[public void Register.Registration.enterDob()]]>
              </value>
            </param>
          </params>
          <reporter-output>
          </reporter-output>
        </test-method> <!-- startExtent -->
        <test-method status="PASS" signature="afterEachTestMethod(org.testng.ITestResult)[pri:0, instance:Register.Registration@458ad742]" name="afterEachTestMethod" is-config="true" duration-ms="983" started-at="2019-03-30T18:34:11Z" finished-at="2019-03-30T18:34:12Z">
          <params>
            <param index="0">
              <value>
                <![CDATA[[TestResult name=enterDob status=SUCCESS method=Registration.enterDob()[pri:0, instance:Register.Registration@458ad742] output={null}]]]>
              </value>
            </param>
          </params>
          <reporter-output>
          </reporter-output>
        </test-method> <!-- afterEachTestMethod -->
        <test-method status="PASS" signature="setUp(boolean, java.lang.String, java.lang.String, java.lang.String, java.lang.String, java.lang.String, java.lang.String)[pri:0, instance:Register.Registration@458ad742]" name="setUp" is-config="true" duration-ms="10342" started-at="2019-03-30T18:34:12Z" finished-at="2019-03-30T18:34:22Z">
          <params>
            <param index="0">
              <value>
                <![CDATA[false]]>
              </value>
            </param>
            <param index="1">
              <value>
                <![CDATA[browserstack]]>
              </value>
            </param>
            <param index="2">
              <value>
                <![CDATA[OS X]]>
              </value>
            </param>
            <param index="3">
              <value>
                <![CDATA[Sierra]]>
              </value>
            </param>
            <param index="4">
              <value>
                <![CDATA[chrome]]>
              </value>
            </param>
            <param index="5">
              <value>
                <![CDATA[30.0]]>
              </value>
            </param>
            <param index="6">
              <value>
                <![CDATA[https://www.BBC.com/]]>
              </value>
            </param>
          </params>
          <reporter-output>
          </reporter-output>
        </test-method> <!-- setUp -->
        <test-method status="PASS" signature="cleanUp()[pri:0, instance:Register.Registration@458ad742]" name="cleanUp" is-config="true" duration-ms="0" started-at="2019-03-30T18:34:12Z" finished-at="2019-03-30T18:34:12Z">
          <reporter-output>
          </reporter-output>
        </test-method> <!-- cleanUp -->
        <test-method status="PASS" signature="startExtent(java.lang.reflect.Method)[pri:0, instance:Register.Registration@458ad742]" name="startExtent" is-config="true" duration-ms="0" started-at="2019-03-30T18:34:22Z" finished-at="2019-03-30T18:34:22Z">
          <params>
            <param index="0">
              <value>
                <![CDATA[public void Register.Registration.enterInfo()]]>
              </value>
            </param>
          </params>
          <reporter-output>
          </reporter-output>
        </test-method> <!-- startExtent -->
        <test-method status="PASS" signature="enterInfo()[pri:0, instance:Register.Registration@458ad742]" name="enterInfo" duration-ms="4600" started-at="2019-03-30T18:34:22Z" finished-at="2019-03-30T18:34:27Z">
          <reporter-output>
          </reporter-output>
        </test-method> <!-- enterInfo -->
        <test-method status="PASS" signature="afterEachTestMethod(org.testng.ITestResult)[pri:0, instance:Register.Registration@458ad742]" name="afterEachTestMethod" is-config="true" duration-ms="970" started-at="2019-03-30T18:34:27Z" finished-at="2019-03-30T18:34:28Z">
          <params>
            <param index="0">
              <value>
                <![CDATA[[TestResult name=enterInfo status=SUCCESS method=Registration.enterInfo()[pri:0, instance:Register.Registration@458ad742] output={null}]]]>
              </value>
            </param>
          </params>
          <reporter-output>
          </reporter-output>
        </test-method> <!-- afterEachTestMethod -->
        <test-method status="PASS" signature="setUp(boolean, java.lang.String, java.lang.String, java.lang.String, java.lang.String, java.lang.String, java.lang.String)[pri:0, instance:Register.Registration@458ad742]" name="setUp" is-config="true" duration-ms="10346" started-at="2019-03-30T18:34:28Z" finished-at="2019-03-30T18:34:38Z">
          <params>
            <param index="0">
              <value>
                <![CDATA[false]]>
              </value>
            </param>
            <param index="1">
              <value>
                <![CDATA[browserstack]]>
              </value>
            </param>
            <param index="2">
              <value>
                <![CDATA[OS X]]>
              </value>
            </param>
            <param index="3">
              <value>
                <![CDATA[Sierra]]>
              </value>
            </param>
            <param index="4">
              <value>
                <![CDATA[chrome]]>
              </value>
            </param>
            <param index="5">
              <value>
                <![CDATA[30.0]]>
              </value>
            </param>
            <param index="6">
              <value>
                <![CDATA[https://www.BBC.com/]]>
              </value>
            </param>
          </params>
          <reporter-output>
          </reporter-output>
        </test-method> <!-- setUp -->
        <test-method status="PASS" signature="cleanUp()[pri:0, instance:Register.Registration@458ad742]" name="cleanUp" is-config="true" duration-ms="0" started-at="2019-03-30T18:34:28Z" finished-at="2019-03-30T18:34:28Z">
          <reporter-output>
          </reporter-output>
        </test-method> <!-- cleanUp -->
        <test-method status="PASS" signature="startExtent(java.lang.reflect.Method)[pri:0, instance:Register.Registration@458ad742]" name="startExtent" is-config="true" duration-ms="0" started-at="2019-03-30T18:34:38Z" finished-at="2019-03-30T18:34:38Z">
          <params>
            <param index="0">
              <value>
                <![CDATA[public void Register.Registration.selectAge()]]>
              </value>
            </param>
          </params>
          <reporter-output>
          </reporter-output>
        </test-method> <!-- startExtent -->
        <test-method status="PASS" signature="selectAge()[pri:0, instance:Register.Registration@458ad742]" name="selectAge" duration-ms="2535" started-at="2019-03-30T18:34:38Z" finished-at="2019-03-30T18:34:41Z">
          <reporter-output>
          </reporter-output>
        </test-method> <!-- selectAge -->
        <test-method status="PASS" signature="afterEachTestMethod(org.testng.ITestResult)[pri:0, instance:Register.Registration@458ad742]" name="afterEachTestMethod" is-config="true" duration-ms="817" started-at="2019-03-30T18:34:41Z" finished-at="2019-03-30T18:34:42Z">
          <params>
            <param index="0">
              <value>
                <![CDATA[[TestResult name=selectAge status=SUCCESS method=Registration.selectAge()[pri:0, instance:Register.Registration@458ad742] output={null}]]]>
              </value>
            </param>
          </params>
          <reporter-output>
          </reporter-output>
        </test-method> <!-- afterEachTestMethod -->
        <test-method status="PASS" signature="cleanUp()[pri:0, instance:Register.Registration@458ad742]" name="cleanUp" is-config="true" duration-ms="0" started-at="2019-03-30T18:34:42Z" finished-at="2019-03-30T18:34:42Z">
          <reporter-output>
          </reporter-output>
        </test-method> <!-- cleanUp -->
        <test-method status="PASS" signature="setUp(boolean, java.lang.String, java.lang.String, java.lang.String, java.lang.String, java.lang.String, java.lang.String)[pri:0, instance:Register.Registration@458ad742]" name="setUp" is-config="true" duration-ms="8813" started-at="2019-03-30T18:34:42Z" finished-at="2019-03-30T18:34:50Z">
          <params>
            <param index="0">
              <value>
                <![CDATA[false]]>
              </value>
            </param>
            <param index="1">
              <value>
                <![CDATA[browserstack]]>
              </value>
            </param>
            <param index="2">
              <value>
                <![CDATA[OS X]]>
              </value>
            </param>
            <param index="3">
              <value>
                <![CDATA[Sierra]]>
              </value>
            </param>
            <param index="4">
              <value>
                <![CDATA[chrome]]>
              </value>
            </param>
            <param index="5">
              <value>
                <![CDATA[30.0]]>
              </value>
            </param>
            <param index="6">
              <value>
                <![CDATA[https://www.BBC.com/]]>
              </value>
            </param>
          </params>
          <reporter-output>
          </reporter-output>
        </test-method> <!-- setUp -->
        <test-method status="PASS" signature="startExtent(java.lang.reflect.Method)[pri:0, instance:Register.Registration@458ad742]" name="startExtent" is-config="true" duration-ms="1" started-at="2019-03-30T18:34:50Z" finished-at="2019-03-30T18:34:50Z">
          <params>
            <param index="0">
              <value>
                <![CDATA[public void Register.Registration.selectRegister()]]>
              </value>
            </param>
          </params>
          <reporter-output>
          </reporter-output>
        </test-method> <!-- startExtent -->
        <test-method status="PASS" signature="selectRegister()[pri:0, instance:Register.Registration@458ad742]" name="selectRegister" duration-ms="2120" started-at="2019-03-30T18:34:50Z" finished-at="2019-03-30T18:34:53Z">
          <reporter-output>
          </reporter-output>
        </test-method> <!-- selectRegister -->
        <test-method status="PASS" signature="afterEachTestMethod(org.testng.ITestResult)[pri:0, instance:Register.Registration@458ad742]" name="afterEachTestMethod" is-config="true" duration-ms="1047" started-at="2019-03-30T18:34:53Z" finished-at="2019-03-30T18:34:54Z">
          <params>
            <param index="0">
              <value>
                <![CDATA[[TestResult name=selectRegister status=SUCCESS method=Registration.selectRegister()[pri:0, instance:Register.Registration@458ad742] output={null}]]]>
              </value>
            </param>
          </params>
          <reporter-output>
          </reporter-output>
        </test-method> <!-- afterEachTestMethod -->
        <test-method status="PASS" signature="cleanUp()[pri:0, instance:Register.Registration@458ad742]" name="cleanUp" is-config="true" duration-ms="0" started-at="2019-03-30T18:34:54Z" finished-at="2019-03-30T18:34:54Z">
          <reporter-output>
          </reporter-output>
        </test-method> <!-- cleanUp -->
        <test-method status="PASS" signature="setUp(boolean, java.lang.String, java.lang.String, java.lang.String, java.lang.String, java.lang.String, java.lang.String)[pri:0, instance:Register.Registration@458ad742]" name="setUp" is-config="true" duration-ms="7865" started-at="2019-03-30T18:34:54Z" finished-at="2019-03-30T18:35:01Z">
          <params>
            <param index="0">
              <value>
                <![CDATA[false]]>
              </value>
            </param>
            <param index="1">
              <value>
                <![CDATA[browserstack]]>
              </value>
            </param>
            <param index="2">
              <value>
                <![CDATA[OS X]]>
              </value>
            </param>
            <param index="3">
              <value>
                <![CDATA[Sierra]]>
              </value>
            </param>
            <param index="4">
              <value>
                <![CDATA[chrome]]>
              </value>
            </param>
            <param index="5">
              <value>
                <![CDATA[30.0]]>
              </value>
            </param>
            <param index="6">
              <value>
                <![CDATA[https://www.BBC.com/]]>
              </value>
            </param>
          </params>
          <reporter-output>
          </reporter-output>
        </test-method> <!-- setUp -->
        <test-method status="PASS" signature="startExtent(java.lang.reflect.Method)[pri:0, instance:Register.Registration@458ad742]" name="startExtent" is-config="true" duration-ms="0" started-at="2019-03-30T18:35:01Z" finished-at="2019-03-30T18:35:01Z">
          <params>
            <param index="0">
              <value>
                <![CDATA[public void Register.Registration.submitRegistration()]]>
              </value>
            </param>
          </params>
          <reporter-output>
          </reporter-output>
        </test-method> <!-- startExtent -->
        <test-method status="FAIL" signature="submitRegistration()[pri:0, instance:Register.Registration@458ad742]" name="submitRegistration" duration-ms="4912" started-at="2019-03-30T18:35:01Z" finished-at="2019-03-30T18:35:06Z">
          <exception class="org.openqa.selenium.WebDriverException">
            <message>
              <![CDATA[unknown error: Element <button type="submit" id="submit-button" class="button button--full-width" aria-label="Register">...</button> is not clickable at point (370, 540). Other element would receive the click: <div class="spinner spinner--fill"></div>
  (Session info: chrome=73.0.3683.86)
  (Driver info: chromedriver=2.46.628402 (536cd7adbad73a3783fdc2cab92ab2ba7ec361e1),platform=Windows NT 10.0.17134 x86_64) (WARNING: The server did not provide any stacktrace information)
Command duration or timeout: 0 milliseconds
Build info: version: '3.141.59', revision: 'e82be7d358', time: '2018-11-14T08:17:03'
System info: host: 'LAPTOP-B4IESNV0', ip: '192.168.0.123', os.name: 'Windows 10', os.arch: 'amd64', os.version: '10.0', java.version: '1.8.0_201'
Driver info: org.openqa.selenium.chrome.ChromeDriver
Capabilities {acceptInsecureCerts: false, acceptSslCerts: false, applicationCacheEnabled: false, browserConnectionEnabled: false, browserName: chrome, chrome: {chromedriverVersion: 2.46.628402 (536cd7adbad73a..., userDataDir: C:\Users\fazli\AppData\Loca...}, cssSelectorsEnabled: true, databaseEnabled: false, goog:chromeOptions: {debuggerAddress: localhost:57229}, handlesAlerts: true, hasTouchScreen: false, javascriptEnabled: true, locationContextEnabled: true, mobileEmulationEnabled: false, nativeEvents: true, networkConnectionEnabled: false, pageLoadStrategy: normal, platform: XP, platformName: XP, proxy: Proxy(), rotatable: false, setWindowRect: true, strictFileInteractability: false, takesHeapSnapshot: true, takesScreenshot: true, timeouts: {implicit: 0, pageLoad: 300000, script: 30000}, unexpectedAlertBehaviour: ignore, unhandledPromptBehavior: ignore, version: 73.0.3683.86, webStorageEnabled: true}
Session ID: b7ae7f256fadaf26b12a3b5afc6f10d1]]>
            </message>
            <full-stacktrace>
              <![CDATA[org.openqa.selenium.WebDriverException: unknown error: Element <button type="submit" id="submit-button" class="button button--full-width" aria-label="Register">...</button> is not clickable at point (370, 540). Other element would receive the click: <div class="spinner spinner--fill"></div>
  (Session info: chrome=73.0.3683.86)
  (Driver info: chromedriver=2.46.628402 (536cd7adbad73a3783fdc2cab92ab2ba7ec361e1),platform=Windows NT 10.0.17134 x86_64) (WARNING: The server did not provide any stacktrace information)
Command duration or timeout: 0 milliseconds
Build info: version: '3.141.59', revision: 'e82be7d358', time: '2018-11-14T08:17:03'
System info: host: 'LAPTOP-B4IESNV0', ip: '192.168.0.123', os.name: 'Windows 10', os.arch: 'amd64', os.version: '10.0', java.version: '1.8.0_201'
Driver info: org.openqa.selenium.chrome.ChromeDriver
Capabilities {acceptInsecureCerts: false, acceptSslCerts: false, applicationCacheEnabled: false, browserConnectionEnabled: false, browserName: chrome, chrome: {chromedriverVersion: 2.46.628402 (536cd7adbad73a..., userDataDir: C:\Users\fazli\AppData\Loca...}, cssSelectorsEnabled: true, databaseEnabled: false, goog:chromeOptions: {debuggerAddress: localhost:57229}, handlesAlerts: true, hasTouchScreen: false, javascriptEnabled: true, locationContextEnabled: true, mobileEmulationEnabled: false, nativeEvents: true, networkConnectionEnabled: false, pageLoadStrategy: normal, platform: XP, platformName: XP, proxy: Proxy(), rotatable: false, setWindowRect: true, strictFileInteractability: false, takesHeapSnapshot: true, takesScreenshot: true, timeouts: {implicit: 0, pageLoad: 300000, script: 30000}, unexpectedAlertBehaviour: ignore, unhandledPromptBehavior: ignore, version: 73.0.3683.86, webStorageEnabled: true}
Session ID: b7ae7f256fadaf26b12a3b5afc6f10d1
at sun.reflect.NativeConstructorAccessorImpl.newInstance0(Native Method)
at sun.reflect.NativeConstructorAccessorImpl.newInstance(NativeConstructorAccessorImpl.java:62)
at sun.reflect.DelegatingConstructorAccessorImpl.newInstance(DelegatingConstructorAccessorImpl.java:45)
at java.lang.reflect.Constructor.newInstance(Constructor.java:423)
at org.openqa.selenium.remote.ErrorHandler.createThrowable(ErrorHandler.java:214)
at org.openqa.selenium.remote.ErrorHandler.throwIfResponseFailed(ErrorHandler.java:166)
at org.openqa.selenium.remote.http.JsonHttpResponseCodec.reconstructValue(JsonHttpResponseCodec.java:40)
at org.openqa.selenium.remote.http.AbstractHttpResponseCodec.decode(AbstractHttpResponseCodec.java:80)
at org.openqa.selenium.remote.http.AbstractHttpResponseCodec.decode(AbstractHttpResponseCodec.java:44)
at org.openqa.selenium.remote.HttpCommandExecutor.execute(HttpCommandExecutor.java:158)
at org.openqa.selenium.remote.service.DriverCommandExecutor.execute(DriverCommandExecutor.java:83)
at org.openqa.selenium.remote.RemoteWebDriver.execute(RemoteWebDriver.java:552)
at org.openqa.selenium.remote.RemoteWebElement.execute(RemoteWebElement.java:285)
at org.openqa.selenium.remote.RemoteWebElement.click(RemoteWebElement.java:84)
at Register.Registration.submitRegistration(Registration.java:56)
at sun.reflect.NativeMethodAccessorImpl.invoke0(Native Method)
at sun.reflect.NativeMethodAccessorImpl.invoke(NativeMethodAccessorImpl.java:62)
at sun.reflect.DelegatingMethodAccessorImpl.invoke(DelegatingMethodAccessorImpl.java:43)
at java.lang.reflect.Method.invoke(Method.java:498)
at org.testng.internal.MethodInvocationHelper.invokeMethod(MethodInvocationHelper.java:124)
at org.testng.internal.Invoker.invokeMethod(Invoker.java:583)
at org.testng.internal.Invoker.invokeTestMethod(Invoker.java:719)
at org.testng.internal.Invoker.invokeTestMethods(Invoker.java:989)
at org.testng.internal.TestMethodWorker.invokeTestMethods(TestMethodWorker.java:125)
at org.testng.internal.TestMethodWorker.run(TestMethodWorker.java:109)
at org.testng.TestRunner.privateRun(TestRunner.java:648)
at org.testng.TestRunner.run(TestRunner.java:505)
at org.testng.SuiteRunner.runTest(SuiteRunner.java:455)
at org.testng.SuiteRunner.runSequentially(SuiteRunner.java:450)
at org.testng.SuiteRunner.privateRun(SuiteRunner.java:415)
at org.testng.SuiteRunner.run(SuiteRunner.java:364)
at org.testng.SuiteRunnerWorker.runSuite(SuiteRunnerWorker.java:52)
at org.testng.SuiteRunnerWorker.run(SuiteRunnerWorker.java:84)
at org.testng.TestNG.runSuitesSequentially(TestNG.java:1208)
at org.testng.TestNG.runSuitesLocally(TestNG.java:1137)
at org.testng.TestNG.runSuites(TestNG.java:1049)
at org.testng.TestNG.run(TestNG.java:1017)
at org.apache.maven.surefire.testng.TestNGExecutor.run(TestNGExecutor.java:283)
at org.apache.maven.surefire.testng.TestNGXmlTestSuite.execute(TestNGXmlTestSuite.java:75)
at org.apache.maven.surefire.testng.TestNGProvider.invoke(TestNGProvider.java:120)
at org.apache.maven.surefire.booter.ForkedBooter.invokeProviderInSameClassLoader(ForkedBooter.java:384)
at org.apache.maven.surefire.booter.ForkedBooter.runSuitesInProcess(ForkedBooter.java:345)
at org.apache.maven.surefire.booter.ForkedBooter.execute(ForkedBooter.java:126)
at org.apache.maven.surefire.booter.ForkedBooter.main(ForkedBooter.java:418)
]]>
            </full-stacktrace>
          </exception> <!-- org.openqa.selenium.WebDriverException -->
          <reporter-output>
          </reporter-output>
        </test-method> <!-- submitRegistration -->
        <test-method status="PASS" signature="afterEachTestMethod(org.testng.ITestResult)[pri:0, instance:Register.Registration@458ad742]" name="afterEachTestMethod" is-config="true" duration-ms="2451" started-at="2019-03-30T18:35:06Z" finished-at="2019-03-30T18:35:09Z">
          <params>
            <param index="0">
              <value>
                <![CDATA[[TestResult name=submitRegistration status=FAILURE method=Registration.submitRegistration()[pri:0, instance:Register.Registration@458ad742] output={null}]]]>
              </value>
            </param>
          </params>
          <reporter-output>
          </reporter-output>
        </test-method> <!-- afterEachTestMethod -->
        <test-method status="PASS" signature="cleanUp()[pri:0, instance:Register.Registration@458ad742]" name="cleanUp" is-config="true" duration-ms="0" started-at="2019-03-30T18:35:09Z" finished-at="2019-03-30T18:35:09Z">
          <reporter-output>
          </reporter-output>
        </test-method> <!-- cleanUp -->
      </class> <!-- Register.Registration -->
      <class name="Contact.contactus">
        <test-method status="PASS" signature="setUp(boolean, java.lang.String, java.lang.String, java.lang.String, java.lang.String, java.lang.String, java.lang.String)[pri:0, instance:Contact.contactus@2344fc66]" name="setUp" is-config="true" duration-ms="8018" started-at="2019-03-30T18:32:06Z" finished-at="2019-03-30T18:32:14Z">
          <params>
            <param index="0">
              <value>
                <![CDATA[false]]>
              </value>
            </param>
            <param index="1">
              <value>
                <![CDATA[browserstack]]>
              </value>
            </param>
            <param index="2">
              <value>
                <![CDATA[OS X]]>
              </value>
            </param>
            <param index="3">
              <value>
                <![CDATA[Sierra]]>
              </value>
            </param>
            <param index="4">
              <value>
                <![CDATA[chrome]]>
              </value>
            </param>
            <param index="5">
              <value>
                <![CDATA[30.0]]>
              </value>
            </param>
            <param index="6">
              <value>
                <![CDATA[https://www.BBC.com/]]>
              </value>
            </param>
          </params>
          <reporter-output>
          </reporter-output>
        </test-method> <!-- setUp -->
        <test-method status="PASS" signature="startExtent(java.lang.reflect.Method)[pri:0, instance:Contact.contactus@2344fc66]" name="startExtent" is-config="true" duration-ms="0" started-at="2019-03-30T18:32:14Z" finished-at="2019-03-30T18:32:14Z">
          <params>
            <param index="0">
              <value>
                <![CDATA[public void Contact.contactus.contact()]]>
              </value>
            </param>
          </params>
          <reporter-output>
          </reporter-output>
        </test-method> <!-- startExtent -->
        <test-method status="PASS" signature="contact()[pri:0, instance:Contact.contactus@2344fc66]" name="contact" duration-ms="5236" started-at="2019-03-30T18:32:14Z" finished-at="2019-03-30T18:32:20Z">
          <reporter-output>
          </reporter-output>
        </test-method> <!-- contact -->
        <test-method status="PASS" signature="afterEachTestMethod(org.testng.ITestResult)[pri:0, instance:Contact.contactus@2344fc66]" name="afterEachTestMethod" is-config="true" duration-ms="784" started-at="2019-03-30T18:32:20Z" finished-at="2019-03-30T18:32:20Z">
          <params>
            <param index="0">
              <value>
                <![CDATA[[TestResult name=contact status=SUCCESS method=contactus.contact()[pri:0, instance:Contact.contactus@2344fc66] output={null}]]]>
              </value>
            </param>
          </params>
          <reporter-output>
          </reporter-output>
        </test-method> <!-- afterEachTestMethod -->
        <test-method status="PASS" signature="cleanUp()[pri:0, instance:Contact.contactus@2344fc66]" name="cleanUp" is-config="true" duration-ms="0" started-at="2019-03-30T18:32:20Z" finished-at="2019-03-30T18:32:20Z">
          <reporter-output>
          </reporter-output>
        </test-method> <!-- cleanUp -->
        <test-method status="PASS" signature="setUp(boolean, java.lang.String, java.lang.String, java.lang.String, java.lang.String, java.lang.String, java.lang.String)[pri:0, instance:Contact.contactus@2344fc66]" name="setUp" is-config="true" duration-ms="8741" started-at="2019-03-30T18:32:20Z" finished-at="2019-03-30T18:32:29Z">
          <params>
            <param index="0">
              <value>
                <![CDATA[false]]>
              </value>
            </param>
            <param index="1">
              <value>
                <![CDATA[browserstack]]>
              </value>
            </param>
            <param index="2">
              <value>
                <![CDATA[OS X]]>
              </value>
            </param>
            <param index="3">
              <value>
                <![CDATA[Sierra]]>
              </value>
            </param>
            <param index="4">
              <value>
                <![CDATA[chrome]]>
              </value>
            </param>
            <param index="5">
              <value>
                <![CDATA[30.0]]>
              </value>
            </param>
            <param index="6">
              <value>
                <![CDATA[https://www.BBC.com/]]>
              </value>
            </param>
          </params>
          <reporter-output>
          </reporter-output>
        </test-method> <!-- setUp -->
        <test-method status="PASS" signature="startExtent(java.lang.reflect.Method)[pri:0, instance:Contact.contactus@2344fc66]" name="startExtent" is-config="true" duration-ms="0" started-at="2019-03-30T18:32:29Z" finished-at="2019-03-30T18:32:29Z">
          <params>
            <param index="0">
              <value>
                <![CDATA[public void Contact.contactus.contactBBCNews()]]>
              </value>
            </param>
          </params>
          <reporter-output>
          </reporter-output>
        </test-method> <!-- startExtent -->
        <test-method status="PASS" signature="contactBBCNews()[pri:0, instance:Contact.contactus@2344fc66]" name="contactBBCNews" duration-ms="10906" started-at="2019-03-30T18:32:29Z" finished-at="2019-03-30T18:32:40Z">
          <reporter-output>
          </reporter-output>
        </test-method> <!-- contactBBCNews -->
        <test-method status="PASS" signature="afterEachTestMethod(org.testng.ITestResult)[pri:0, instance:Contact.contactus@2344fc66]" name="afterEachTestMethod" is-config="true" duration-ms="894" started-at="2019-03-30T18:32:40Z" finished-at="2019-03-30T18:32:41Z">
          <params>
            <param index="0">
              <value>
                <![CDATA[[TestResult name=contactBBCNews status=SUCCESS method=contactus.contactBBCNews()[pri:0, instance:Contact.contactus@2344fc66] output={null}]]]>
              </value>
            </param>
          </params>
          <reporter-output>
          </reporter-output>
        </test-method> <!-- afterEachTestMethod -->
        <test-method status="PASS" signature="setUp(boolean, java.lang.String, java.lang.String, java.lang.String, java.lang.String, java.lang.String, java.lang.String)[pri:0, instance:Contact.contactus@2344fc66]" name="setUp" is-config="true" duration-ms="8417" started-at="2019-03-30T18:32:41Z" finished-at="2019-03-30T18:32:49Z">
          <params>
            <param index="0">
              <value>
                <![CDATA[false]]>
              </value>
            </param>
            <param index="1">
              <value>
                <![CDATA[browserstack]]>
              </value>
            </param>
            <param index="2">
              <value>
                <![CDATA[OS X]]>
              </value>
            </param>
            <param index="3">
              <value>
                <![CDATA[Sierra]]>
              </value>
            </param>
            <param index="4">
              <value>
                <![CDATA[chrome]]>
              </value>
            </param>
            <param index="5">
              <value>
                <![CDATA[30.0]]>
              </value>
            </param>
            <param index="6">
              <value>
                <![CDATA[https://www.BBC.com/]]>
              </value>
            </param>
          </params>
          <reporter-output>
          </reporter-output>
        </test-method> <!-- setUp -->
        <test-method status="PASS" signature="cleanUp()[pri:0, instance:Contact.contactus@2344fc66]" name="cleanUp" is-config="true" duration-ms="0" started-at="2019-03-30T18:32:41Z" finished-at="2019-03-30T18:32:41Z">
          <reporter-output>
          </reporter-output>
        </test-method> <!-- cleanUp -->
        <test-method status="PASS" signature="startExtent(java.lang.reflect.Method)[pri:0, instance:Contact.contactus@2344fc66]" name="startExtent" is-config="true" duration-ms="0" started-at="2019-03-30T18:32:49Z" finished-at="2019-03-30T18:32:49Z">
          <params>
            <param index="0">
              <value>
                <![CDATA[public void Contact.contactus.reportError()]]>
              </value>
            </param>
          </params>
          <reporter-output>
          </reporter-output>
        </test-method> <!-- startExtent -->
        <test-method status="FAIL" signature="reportError()[pri:0, instance:Contact.contactus@2344fc66]" name="reportError" duration-ms="16350" started-at="2019-03-30T18:32:49Z" finished-at="2019-03-30T18:33:06Z">
          <exception class="org.openqa.selenium.NoSuchElementException">
            <message>
              <![CDATA[no such element: Unable to locate element: {"method":"link text","selector":"this webform on the BBC News website."}
  (Session info: chrome=73.0.3683.86)
  (Driver info: chromedriver=2.46.628402 (536cd7adbad73a3783fdc2cab92ab2ba7ec361e1),platform=Windows NT 10.0.17134 x86_64) (WARNING: The server did not provide any stacktrace information)
Command duration or timeout: 0 milliseconds
For documentation on this error, please visit: https://www.seleniumhq.org/exceptions/no_such_element.html
Build info: version: '3.141.59', revision: 'e82be7d358', time: '2018-11-14T08:17:03'
System info: host: 'LAPTOP-B4IESNV0', ip: '192.168.0.123', os.name: 'Windows 10', os.arch: 'amd64', os.version: '10.0', java.version: '1.8.0_201'
Driver info: org.openqa.selenium.chrome.ChromeDriver
Capabilities {acceptInsecureCerts: false, acceptSslCerts: false, applicationCacheEnabled: false, browserConnectionEnabled: false, browserName: chrome, chrome: {chromedriverVersion: 2.46.628402 (536cd7adbad73a..., userDataDir: C:\Users\fazli\AppData\Loca...}, cssSelectorsEnabled: true, databaseEnabled: false, goog:chromeOptions: {debuggerAddress: localhost:62798}, handlesAlerts: true, hasTouchScreen: false, javascriptEnabled: true, locationContextEnabled: true, mobileEmulationEnabled: false, nativeEvents: true, networkConnectionEnabled: false, pageLoadStrategy: normal, platform: XP, platformName: XP, proxy: Proxy(), rotatable: false, setWindowRect: true, strictFileInteractability: false, takesHeapSnapshot: true, takesScreenshot: true, timeouts: {implicit: 0, pageLoad: 300000, script: 30000}, unexpectedAlertBehaviour: ignore, unhandledPromptBehavior: ignore, version: 73.0.3683.86, webStorageEnabled: true}
Session ID: ddbfb4c518ba8f299c2cdfa3a7fa4291
*** Element info: {Using=link text, value=this webform on the BBC News website.}]]>
            </message>
            <full-stacktrace>
              <![CDATA[org.openqa.selenium.NoSuchElementException: no such element: Unable to locate element: {"method":"link text","selector":"this webform on the BBC News website."}
  (Session info: chrome=73.0.3683.86)
  (Driver info: chromedriver=2.46.628402 (536cd7adbad73a3783fdc2cab92ab2ba7ec361e1),platform=Windows NT 10.0.17134 x86_64) (WARNING: The server did not provide any stacktrace information)
Command duration or timeout: 0 milliseconds
For documentation on this error, please visit: https://www.seleniumhq.org/exceptions/no_such_element.html
Build info: version: '3.141.59', revision: 'e82be7d358', time: '2018-11-14T08:17:03'
System info: host: 'LAPTOP-B4IESNV0', ip: '192.168.0.123', os.name: 'Windows 10', os.arch: 'amd64', os.version: '10.0', java.version: '1.8.0_201'
Driver info: org.openqa.selenium.chrome.ChromeDriver
Capabilities {acceptInsecureCerts: false, acceptSslCerts: false, applicationCacheEnabled: false, browserConnectionEnabled: false, browserName: chrome, chrome: {chromedriverVersion: 2.46.628402 (536cd7adbad73a..., userDataDir: C:\Users\fazli\AppData\Loca...}, cssSelectorsEnabled: true, databaseEnabled: false, goog:chromeOptions: {debuggerAddress: localhost:62798}, handlesAlerts: true, hasTouchScreen: false, javascriptEnabled: true, locationContextEnabled: true, mobileEmulationEnabled: false, nativeEvents: true, networkConnectionEnabled: false, pageLoadStrategy: normal, platform: XP, platformName: XP, proxy: Proxy(), rotatable: false, setWindowRect: true, strictFileInteractability: false, takesHeapSnapshot: true, takesScreenshot: true, timeouts: {implicit: 0, pageLoad: 300000, script: 30000}, unexpectedAlertBehaviour: ignore, unhandledPromptBehavior: ignore, version: 73.0.3683.86, webStorageEnabled: true}
Session ID: ddbfb4c518ba8f299c2cdfa3a7fa4291
*** Element info: {Using=link text, value=this webform on the BBC News website.}
at sun.reflect.NativeConstructorAccessorImpl.newInstance0(Native Method)
at sun.reflect.NativeConstructorAccessorImpl.newInstance(NativeConstructorAccessorImpl.java:62)
at sun.reflect.DelegatingConstructorAccessorImpl.newInstance(DelegatingConstructorAccessorImpl.java:45)
at java.lang.reflect.Constructor.newInstance(Constructor.java:423)
at org.openqa.selenium.remote.ErrorHandler.createThrowable(ErrorHandler.java:214)
at org.openqa.selenium.remote.ErrorHandler.throwIfResponseFailed(ErrorHandler.java:166)
at org.openqa.selenium.remote.http.JsonHttpResponseCodec.reconstructValue(JsonHttpResponseCodec.java:40)
at org.openqa.selenium.remote.http.AbstractHttpResponseCodec.decode(AbstractHttpResponseCodec.java:80)
at org.openqa.selenium.remote.http.AbstractHttpResponseCodec.decode(AbstractHttpResponseCodec.java:44)
at org.openqa.selenium.remote.HttpCommandExecutor.execute(HttpCommandExecutor.java:158)
at org.openqa.selenium.remote.service.DriverCommandExecutor.execute(DriverCommandExecutor.java:83)
at org.openqa.selenium.remote.RemoteWebDriver.execute(RemoteWebDriver.java:552)
at org.openqa.selenium.remote.RemoteWebDriver.findElement(RemoteWebDriver.java:323)
at org.openqa.selenium.remote.RemoteWebDriver.findElementByLinkText(RemoteWebDriver.java:380)
at org.openqa.selenium.By$ByLinkText.findElement(By.java:220)
at org.openqa.selenium.remote.RemoteWebDriver.findElement(RemoteWebDriver.java:315)
at Contact.contactus.reportError(contactus.java:21)
at sun.reflect.NativeMethodAccessorImpl.invoke0(Native Method)
at sun.reflect.NativeMethodAccessorImpl.invoke(NativeMethodAccessorImpl.java:62)
at sun.reflect.DelegatingMethodAccessorImpl.invoke(DelegatingMethodAccessorImpl.java:43)
at java.lang.reflect.Method.invoke(Method.java:498)
at org.testng.internal.MethodInvocationHelper.invokeMethod(MethodInvocationHelper.java:124)
at org.testng.internal.Invoker.invokeMethod(Invoker.java:583)
at org.testng.internal.Invoker.invokeTestMethod(Invoker.java:719)
at org.testng.internal.Invoker.invokeTestMethods(Invoker.java:989)
at org.testng.internal.TestMethodWorker.invokeTestMethods(TestMethodWorker.java:125)
at org.testng.internal.TestMethodWorker.run(TestMethodWorker.java:109)
at org.testng.TestRunner.privateRun(TestRunner.java:648)
at org.testng.TestRunner.run(TestRunner.java:505)
at org.testng.SuiteRunner.runTest(SuiteRunner.java:455)
at org.testng.SuiteRunner.runSequentially(SuiteRunner.java:450)
at org.testng.SuiteRunner.privateRun(SuiteRunner.java:415)
at org.testng.SuiteRunner.run(SuiteRunner.java:364)
at org.testng.SuiteRunnerWorker.runSuite(SuiteRunnerWorker.java:52)
at org.testng.SuiteRunnerWorker.run(SuiteRunnerWorker.java:84)
at org.testng.TestNG.runSuitesSequentially(TestNG.java:1208)
at org.testng.TestNG.runSuitesLocally(TestNG.java:1137)
at org.testng.TestNG.runSuites(TestNG.java:1049)
at org.testng.TestNG.run(TestNG.java:1017)
at org.apache.maven.surefire.testng.TestNGExecutor.run(TestNGExecutor.java:283)
at org.apache.maven.surefire.testng.TestNGXmlTestSuite.execute(TestNGXmlTestSuite.java:75)
at org.apache.maven.surefire.testng.TestNGProvider.invoke(TestNGProvider.java:120)
at org.apache.maven.surefire.booter.ForkedBooter.invokeProviderInSameClassLoader(ForkedBooter.java:384)
at org.apache.maven.surefire.booter.ForkedBooter.runSuitesInProcess(ForkedBooter.java:345)
at org.apache.maven.surefire.booter.ForkedBooter.execute(ForkedBooter.java:126)
at org.apache.maven.surefire.booter.ForkedBooter.main(ForkedBooter.java:418)
]]>
            </full-stacktrace>
          </exception> <!-- org.openqa.selenium.NoSuchElementException -->
          <reporter-output>
          </reporter-output>
        </test-method> <!-- reportError -->
        <test-method status="PASS" signature="afterEachTestMethod(org.testng.ITestResult)[pri:0, instance:Contact.contactus@2344fc66]" name="afterEachTestMethod" is-config="true" duration-ms="1245" started-at="2019-03-30T18:33:06Z" finished-at="2019-03-30T18:33:07Z">
          <params>
            <param index="0">
              <value>
                <![CDATA[[TestResult name=reportError status=FAILURE method=contactus.reportError()[pri:0, instance:Contact.contactus@2344fc66] output={null}]]]>
              </value>
            </param>
          </params>
          <reporter-output>
          </reporter-output>
        </test-method> <!-- afterEachTestMethod -->
        <test-method status="PASS" signature="cleanUp()[pri:0, instance:Contact.contactus@2344fc66]" name="cleanUp" is-config="true" duration-ms="0" started-at="2019-03-30T18:33:07Z" finished-at="2019-03-30T18:33:07Z">
          <reporter-output>
          </reporter-output>
        </test-method> <!-- cleanUp -->
        <test-method status="PASS" signature="setUp(boolean, java.lang.String, java.lang.String, java.lang.String, java.lang.String, java.lang.String, java.lang.String)[pri:0, instance:Contact.contactus@2344fc66]" name="setUp" is-config="true" duration-ms="9384" started-at="2019-03-30T18:33:07Z" finished-at="2019-03-30T18:33:16Z">
          <params>
            <param index="0">
              <value>
                <![CDATA[false]]>
              </value>
            </param>
            <param index="1">
              <value>
                <![CDATA[browserstack]]>
              </value>
            </param>
            <param index="2">
              <value>
                <![CDATA[OS X]]>
              </value>
            </param>
            <param index="3">
              <value>
                <![CDATA[Sierra]]>
              </value>
            </param>
            <param index="4">
              <value>
                <![CDATA[chrome]]>
              </value>
            </param>
            <param index="5">
              <value>
                <![CDATA[30.0]]>
              </value>
            </param>
            <param index="6">
              <value>
                <![CDATA[https://www.BBC.com/]]>
              </value>
            </param>
          </params>
          <reporter-output>
          </reporter-output>
        </test-method> <!-- setUp -->
        <test-method status="PASS" signature="startExtent(java.lang.reflect.Method)[pri:0, instance:Contact.contactus@2344fc66]" name="startExtent" is-config="true" duration-ms="1" started-at="2019-03-30T18:33:16Z" finished-at="2019-03-30T18:33:16Z">
          <params>
            <param index="0">
              <value>
                <![CDATA[public void Contact.contactus.reportTechnicalIssueLink()]]>
              </value>
            </param>
          </params>
          <reporter-output>
          </reporter-output>
        </test-method> <!-- startExtent -->
        <test-method status="PASS" signature="reportTechnicalIssueLink()[pri:0, instance:Contact.contactus@2344fc66]" name="reportTechnicalIssueLink" duration-ms="12008" started-at="2019-03-30T18:33:16Z" finished-at="2019-03-30T18:33:28Z">
          <reporter-output>
          </reporter-output>
        </test-method> <!-- reportTechnicalIssueLink -->
        <test-method status="PASS" signature="afterEachTestMethod(org.testng.ITestResult)[pri:0, instance:Contact.contactus@2344fc66]" name="afterEachTestMethod" is-config="true" duration-ms="829" started-at="2019-03-30T18:33:28Z" finished-at="2019-03-30T18:33:29Z">
          <params>
            <param index="0">
              <value>
                <![CDATA[[TestResult name=reportTechnicalIssueLink status=SUCCESS method=contactus.reportTechnicalIssueLink()[pri:0, instance:Contact.contactus@2344fc66] output={null}]]]>
              </value>
            </param>
          </params>
          <reporter-output>
          </reporter-output>
        </test-method> <!-- afterEachTestMethod -->
        <test-method status="PASS" signature="cleanUp()[pri:0, instance:Contact.contactus@2344fc66]" name="cleanUp" is-config="true" duration-ms="0" started-at="2019-03-30T18:33:29Z" finished-at="2019-03-30T18:33:29Z">
          <reporter-output>
          </reporter-output>
        </test-method> <!-- cleanUp -->
        <test-method status="PASS" signature="setUp(boolean, java.lang.String, java.lang.String, java.lang.String, java.lang.String, java.lang.String, java.lang.String)[pri:0, instance:Contact.contactus@2344fc66]" name="setUp" is-config="true" duration-ms="9892" started-at="2019-03-30T18:33:29Z" finished-at="2019-03-30T18:33:39Z">
          <params>
            <param index="0">
              <value>
                <![CDATA[false]]>
              </value>
            </param>
            <param index="1">
              <value>
                <![CDATA[browserstack]]>
              </value>
            </param>
            <param index="2">
              <value>
                <![CDATA[OS X]]>
              </value>
            </param>
            <param index="3">
              <value>
                <![CDATA[Sierra]]>
              </value>
            </param>
            <param index="4">
              <value>
                <![CDATA[chrome]]>
              </value>
            </param>
            <param index="5">
              <value>
                <![CDATA[30.0]]>
              </value>
            </param>
            <param index="6">
              <value>
                <![CDATA[https://www.BBC.com/]]>
              </value>
            </param>
          </params>
          <reporter-output>
          </reporter-output>
        </test-method> <!-- setUp -->
        <test-method status="PASS" signature="technicalIssueContactForm()[pri:0, instance:Contact.contactus@2344fc66]" name="technicalIssueContactForm" duration-ms="18518" started-at="2019-03-30T18:33:39Z" finished-at="2019-03-30T18:33:57Z">
          <reporter-output>
          </reporter-output>
        </test-method> <!-- technicalIssueContactForm -->
        <test-method status="PASS" signature="startExtent(java.lang.reflect.Method)[pri:0, instance:Contact.contactus@2344fc66]" name="startExtent" is-config="true" duration-ms="0" started-at="2019-03-30T18:33:39Z" finished-at="2019-03-30T18:33:39Z">
          <params>
            <param index="0">
              <value>
                <![CDATA[public void Contact.contactus.technicalIssueContactForm()]]>
              </value>
            </param>
          </params>
          <reporter-output>
          </reporter-output>
        </test-method> <!-- startExtent -->
        <test-method status="PASS" signature="afterEachTestMethod(org.testng.ITestResult)[pri:0, instance:Contact.contactus@2344fc66]" name="afterEachTestMethod" is-config="true" duration-ms="822" started-at="2019-03-30T18:33:57Z" finished-at="2019-03-30T18:33:58Z">
          <params>
            <param index="0">
              <value>
                <![CDATA[[TestResult name=technicalIssueContactForm status=SUCCESS method=contactus.technicalIssueContactForm()[pri:0, instance:Contact.contactus@2344fc66] output={null}]]]>
              </value>
            </param>
          </params>
          <reporter-output>
          </reporter-output>
        </test-method> <!-- afterEachTestMethod -->
        <test-method status="PASS" signature="cleanUp()[pri:0, instance:Contact.contactus@2344fc66]" name="cleanUp" is-config="true" duration-ms="0" started-at="2019-03-30T18:33:58Z" finished-at="2019-03-30T18:33:58Z">
          <reporter-output>
          </reporter-output>
        </test-method> <!-- cleanUp -->
      </class> <!-- Contact.contactus -->
      <class name="Signin.login">
        <test-method status="PASS" signature="setUp(boolean, java.lang.String, java.lang.String, java.lang.String, java.lang.String, java.lang.String, java.lang.String)[pri:0, instance:Signin.login@6ea12c19]" name="setUp" is-config="true" duration-ms="10395" started-at="2019-03-30T18:36:28Z" finished-at="2019-03-30T18:36:38Z">
          <params>
            <param index="0">
              <value>
                <![CDATA[false]]>
              </value>
            </param>
            <param index="1">
              <value>
                <![CDATA[browserstack]]>
              </value>
            </param>
            <param index="2">
              <value>
                <![CDATA[OS X]]>
              </value>
            </param>
            <param index="3">
              <value>
                <![CDATA[Sierra]]>
              </value>
            </param>
            <param index="4">
              <value>
                <![CDATA[chrome]]>
              </value>
            </param>
            <param index="5">
              <value>
                <![CDATA[30.0]]>
              </value>
            </param>
            <param index="6">
              <value>
                <![CDATA[https://www.BBC.com/]]>
              </value>
            </param>
          </params>
          <reporter-output>
          </reporter-output>
        </test-method> <!-- setUp -->
        <test-method status="PASS" signature="startExtent(java.lang.reflect.Method)[pri:0, instance:Signin.login@6ea12c19]" name="startExtent" is-config="true" duration-ms="0" started-at="2019-03-30T18:36:38Z" finished-at="2019-03-30T18:36:38Z">
          <params>
            <param index="0">
              <value>
                <![CDATA[public void Signin.login.signInLink()]]>
              </value>
            </param>
          </params>
          <reporter-output>
          </reporter-output>
        </test-method> <!-- startExtent -->
        <test-method status="PASS" signature="signInLink()[pri:0, instance:Signin.login@6ea12c19]" name="signInLink" duration-ms="2108" started-at="2019-03-30T18:36:38Z" finished-at="2019-03-30T18:36:40Z">
          <reporter-output>
          </reporter-output>
        </test-method> <!-- signInLink -->
        <test-method status="PASS" signature="afterEachTestMethod(org.testng.ITestResult)[pri:0, instance:Signin.login@6ea12c19]" name="afterEachTestMethod" is-config="true" duration-ms="838" started-at="2019-03-30T18:36:40Z" finished-at="2019-03-30T18:36:41Z">
          <params>
            <param index="0">
              <value>
                <![CDATA[[TestResult name=signInLink status=SUCCESS method=login.signInLink()[pri:0, instance:Signin.login@6ea12c19] output={null}]]]>
              </value>
            </param>
          </params>
          <reporter-output>
          </reporter-output>
        </test-method> <!-- afterEachTestMethod -->
        <test-method status="PASS" signature="cleanUp()[pri:0, instance:Signin.login@6ea12c19]" name="cleanUp" is-config="true" duration-ms="0" started-at="2019-03-30T18:36:41Z" finished-at="2019-03-30T18:36:41Z">
          <reporter-output>
          </reporter-output>
        </test-method> <!-- cleanUp -->
        <test-method status="PASS" signature="setUp(boolean, java.lang.String, java.lang.String, java.lang.String, java.lang.String, java.lang.String, java.lang.String)[pri:0, instance:Signin.login@6ea12c19]" name="setUp" is-config="true" duration-ms="8011" started-at="2019-03-30T18:36:41Z" finished-at="2019-03-30T18:36:49Z">
          <params>
            <param index="0">
              <value>
                <![CDATA[false]]>
              </value>
            </param>
            <param index="1">
              <value>
                <![CDATA[browserstack]]>
              </value>
            </param>
            <param index="2">
              <value>
                <![CDATA[OS X]]>
              </value>
            </param>
            <param index="3">
              <value>
                <![CDATA[Sierra]]>
              </value>
            </param>
            <param index="4">
              <value>
                <![CDATA[chrome]]>
              </value>
            </param>
            <param index="5">
              <value>
                <![CDATA[30.0]]>
              </value>
            </param>
            <param index="6">
              <value>
                <![CDATA[https://www.BBC.com/]]>
              </value>
            </param>
          </params>
          <reporter-output>
          </reporter-output>
        </test-method> <!-- setUp -->
        <test-method status="PASS" signature="startExtent(java.lang.reflect.Method)[pri:0, instance:Signin.login@6ea12c19]" name="startExtent" is-config="true" duration-ms="1" started-at="2019-03-30T18:36:49Z" finished-at="2019-03-30T18:36:49Z">
          <params>
            <param index="0">
              <value>
                <![CDATA[public void Signin.login.signInPassword()]]>
              </value>
            </param>
          </params>
          <reporter-output>
          </reporter-output>
        </test-method> <!-- startExtent -->
        <test-method status="PASS" signature="signInPassword()[pri:0, instance:Signin.login@6ea12c19]" name="signInPassword" duration-ms="3152" started-at="2019-03-30T18:36:49Z" finished-at="2019-03-30T18:36:52Z">
          <reporter-output>
          </reporter-output>
        </test-method> <!-- signInPassword -->
        <test-method status="PASS" signature="afterEachTestMethod(org.testng.ITestResult)[pri:0, instance:Signin.login@6ea12c19]" name="afterEachTestMethod" is-config="true" duration-ms="899" started-at="2019-03-30T18:36:52Z" finished-at="2019-03-30T18:36:53Z">
          <params>
            <param index="0">
              <value>
                <![CDATA[[TestResult name=signInPassword status=SUCCESS method=login.signInPassword()[pri:0, instance:Signin.login@6ea12c19] output={null}]]]>
              </value>
            </param>
          </params>
          <reporter-output>
          </reporter-output>
        </test-method> <!-- afterEachTestMethod -->
        <test-method status="PASS" signature="cleanUp()[pri:0, instance:Signin.login@6ea12c19]" name="cleanUp" is-config="true" duration-ms="0" started-at="2019-03-30T18:36:53Z" finished-at="2019-03-30T18:36:53Z">
          <reporter-output>
          </reporter-output>
        </test-method> <!-- cleanUp -->
        <test-method status="PASS" signature="setUp(boolean, java.lang.String, java.lang.String, java.lang.String, java.lang.String, java.lang.String, java.lang.String)[pri:0, instance:Signin.login@6ea12c19]" name="setUp" is-config="true" duration-ms="10063" started-at="2019-03-30T18:36:53Z" finished-at="2019-03-30T18:37:03Z">
          <params>
            <param index="0">
              <value>
                <![CDATA[false]]>
              </value>
            </param>
            <param index="1">
              <value>
                <![CDATA[browserstack]]>
              </value>
            </param>
            <param index="2">
              <value>
                <![CDATA[OS X]]>
              </value>
            </param>
            <param index="3">
              <value>
                <![CDATA[Sierra]]>
              </value>
            </param>
            <param index="4">
              <value>
                <![CDATA[chrome]]>
              </value>
            </param>
            <param index="5">
              <value>
                <![CDATA[30.0]]>
              </value>
            </param>
            <param index="6">
              <value>
                <![CDATA[https://www.BBC.com/]]>
              </value>
            </param>
          </params>
          <reporter-output>
          </reporter-output>
        </test-method> <!-- setUp -->
        <test-method status="PASS" signature="startExtent(java.lang.reflect.Method)[pri:0, instance:Signin.login@6ea12c19]" name="startExtent" is-config="true" duration-ms="1" started-at="2019-03-30T18:37:03Z" finished-at="2019-03-30T18:37:03Z">
          <params>
            <param index="0">
              <value>
                <![CDATA[public void Signin.login.signInSubmit()]]>
              </value>
            </param>
          </params>
          <reporter-output>
          </reporter-output>
        </test-method> <!-- startExtent -->
        <test-method status="PASS" signature="signInSubmit()[pri:0, instance:Signin.login@6ea12c19]" name="signInSubmit" duration-ms="3162" started-at="2019-03-30T18:37:03Z" finished-at="2019-03-30T18:37:06Z">
          <reporter-output>
          </reporter-output>
        </test-method> <!-- signInSubmit -->
        <test-method status="PASS" signature="afterEachTestMethod(org.testng.ITestResult)[pri:0, instance:Signin.login@6ea12c19]" name="afterEachTestMethod" is-config="true" duration-ms="854" started-at="2019-03-30T18:37:06Z" finished-at="2019-03-30T18:37:07Z">
          <params>
            <param index="0">
              <value>
                <![CDATA[[TestResult name=signInSubmit status=SUCCESS method=login.signInSubmit()[pri:0, instance:Signin.login@6ea12c19] output={null}]]]>
              </value>
            </param>
          </params>
          <reporter-output>
          </reporter-output>
        </test-method> <!-- afterEachTestMethod -->
        <test-method status="PASS" signature="setUp(boolean, java.lang.String, java.lang.String, java.lang.String, java.lang.String, java.lang.String, java.lang.String)[pri:0, instance:Signin.login@6ea12c19]" name="setUp" is-config="true" duration-ms="9028" started-at="2019-03-30T18:37:07Z" finished-at="2019-03-30T18:37:16Z">
          <params>
            <param index="0">
              <value>
                <![CDATA[false]]>
              </value>
            </param>
            <param index="1">
              <value>
                <![CDATA[browserstack]]>
              </value>
            </param>
            <param index="2">
              <value>
                <![CDATA[OS X]]>
              </value>
            </param>
            <param index="3">
              <value>
                <![CDATA[Sierra]]>
              </value>
            </param>
            <param index="4">
              <value>
                <![CDATA[chrome]]>
              </value>
            </param>
            <param index="5">
              <value>
                <![CDATA[30.0]]>
              </value>
            </param>
            <param index="6">
              <value>
                <![CDATA[https://www.BBC.com/]]>
              </value>
            </param>
          </params>
          <reporter-output>
          </reporter-output>
        </test-method> <!-- setUp -->
        <test-method status="PASS" signature="cleanUp()[pri:0, instance:Signin.login@6ea12c19]" name="cleanUp" is-config="true" duration-ms="0" started-at="2019-03-30T18:37:07Z" finished-at="2019-03-30T18:37:07Z">
          <reporter-output>
          </reporter-output>
        </test-method> <!-- cleanUp -->
        <test-method status="PASS" signature="startExtent(java.lang.reflect.Method)[pri:0, instance:Signin.login@6ea12c19]" name="startExtent" is-config="true" duration-ms="1" started-at="2019-03-30T18:37:16Z" finished-at="2019-03-30T18:37:16Z">
          <params>
            <param index="0">
              <value>
                <![CDATA[public void Signin.login.signInUserName()]]>
              </value>
            </param>
          </params>
          <reporter-output>
          </reporter-output>
        </test-method> <!-- startExtent -->
        <test-method status="PASS" signature="signInUserName()[pri:0, instance:Signin.login@6ea12c19]" name="signInUserName" duration-ms="2601" started-at="2019-03-30T18:37:16Z" finished-at="2019-03-30T18:37:19Z">
          <reporter-output>
          </reporter-output>
        </test-method> <!-- signInUserName -->
        <test-method status="PASS" signature="afterEachTestMethod(org.testng.ITestResult)[pri:0, instance:Signin.login@6ea12c19]" name="afterEachTestMethod" is-config="true" duration-ms="846" started-at="2019-03-30T18:37:19Z" finished-at="2019-03-30T18:37:19Z">
          <params>
            <param index="0">
              <value>
                <![CDATA[[TestResult name=signInUserName status=SUCCESS method=login.signInUserName()[pri:0, instance:Signin.login@6ea12c19] output={null}]]]>
              </value>
            </param>
          </params>
          <reporter-output>
          </reporter-output>
        </test-method> <!-- afterEachTestMethod -->
        <test-method status="PASS" signature="cleanUp()[pri:0, instance:Signin.login@6ea12c19]" name="cleanUp" is-config="true" duration-ms="0" started-at="2019-03-30T18:37:19Z" finished-at="2019-03-30T18:37:19Z">
          <reporter-output>
          </reporter-output>
        </test-method> <!-- cleanUp -->
      </class> <!-- Signin.login -->
      <class name="Homepage.Mainpage">
        <test-method status="PASS" signature="extentSetup(org.testng.ITestContext)[pri:0, instance:Homepage.Mainpage@2669b199]" name="extentSetup" is-config="true" duration-ms="133" started-at="2019-03-30T18:21:09Z" finished-at="2019-03-30T18:21:09Z">
          <params>
            <param index="0">
              <value>
                <![CDATA[org.testng.TestRunner@47374fa5]]>
              </value>
            </param>
          </params>
          <reporter-output>
            <line>
              <![CDATA[Extent Report DirectoryC:\Users\fazli\IdeaProjects\AutomationTeam11\BBC\target\surefire-reports\html]]>
            </line>
          </reporter-output>
        </test-method> <!-- extentSetup -->
        <test-method status="PASS" signature="setUp(boolean, java.lang.String, java.lang.String, java.lang.String, java.lang.String, java.lang.String, java.lang.String)[pri:0, instance:Homepage.Mainpage@2669b199]" name="setUp" is-config="true" duration-ms="9233" started-at="2019-03-30T18:21:09Z" finished-at="2019-03-30T18:21:18Z">
          <params>
            <param index="0">
              <value>
                <![CDATA[false]]>
              </value>
            </param>
            <param index="1">
              <value>
                <![CDATA[browserstack]]>
              </value>
            </param>
            <param index="2">
              <value>
                <![CDATA[OS X]]>
              </value>
            </param>
            <param index="3">
              <value>
                <![CDATA[Sierra]]>
              </value>
            </param>
            <param index="4">
              <value>
                <![CDATA[chrome]]>
              </value>
            </param>
            <param index="5">
              <value>
                <![CDATA[30.0]]>
              </value>
            </param>
            <param index="6">
              <value>
                <![CDATA[https://www.BBC.com/]]>
              </value>
            </param>
          </params>
          <reporter-output>
          </reporter-output>
        </test-method> <!-- setUp -->
        <test-method status="PASS" signature="startExtent(java.lang.reflect.Method)[pri:0, instance:Homepage.Mainpage@2669b199]" name="startExtent" is-config="true" duration-ms="9" started-at="2019-03-30T18:21:18Z" finished-at="2019-03-30T18:21:18Z">
          <params>
            <param index="0">
              <value>
                <![CDATA[public void Homepage.Mainpage.HindiLanguage()]]>
              </value>
            </param>
          </params>
          <reporter-output>
          </reporter-output>
        </test-method> <!-- startExtent -->
        <test-method status="PASS" signature="HindiLanguage()[pri:0, instance:Homepage.Mainpage@2669b199]" name="HindiLanguage" duration-ms="2342" started-at="2019-03-30T18:21:18Z" finished-at="2019-03-30T18:21:20Z">
          <reporter-output>
          </reporter-output>
        </test-method> <!-- HindiLanguage -->
        <test-method status="PASS" signature="afterEachTestMethod(org.testng.ITestResult)[pri:0, instance:Homepage.Mainpage@2669b199]" name="afterEachTestMethod" is-config="true" duration-ms="1202" started-at="2019-03-30T18:21:20Z" finished-at="2019-03-30T18:21:22Z">
          <params>
            <param index="0">
              <value>
                <![CDATA[[TestResult name=HindiLanguage status=SUCCESS method=Mainpage.HindiLanguage()[pri:0, instance:Homepage.Mainpage@2669b199] output={null}]]]>
              </value>
            </param>
          </params>
          <reporter-output>
          </reporter-output>
        </test-method> <!-- afterEachTestMethod -->
        <test-method status="PASS" signature="cleanUp()[pri:0, instance:Homepage.Mainpage@2669b199]" name="cleanUp" is-config="true" duration-ms="0" started-at="2019-03-30T18:21:22Z" finished-at="2019-03-30T18:21:22Z">
          <reporter-output>
          </reporter-output>
        </test-method> <!-- cleanUp -->
        <test-method status="PASS" signature="setUp(boolean, java.lang.String, java.lang.String, java.lang.String, java.lang.String, java.lang.String, java.lang.String)[pri:0, instance:Homepage.Mainpage@2669b199]" name="setUp" is-config="true" duration-ms="9139" started-at="2019-03-30T18:21:22Z" finished-at="2019-03-30T18:21:31Z">
          <params>
            <param index="0">
              <value>
                <![CDATA[false]]>
              </value>
            </param>
            <param index="1">
              <value>
                <![CDATA[browserstack]]>
              </value>
            </param>
            <param index="2">
              <value>
                <![CDATA[OS X]]>
              </value>
            </param>
            <param index="3">
              <value>
                <![CDATA[Sierra]]>
              </value>
            </param>
            <param index="4">
              <value>
                <![CDATA[chrome]]>
              </value>
            </param>
            <param index="5">
              <value>
                <![CDATA[30.0]]>
              </value>
            </param>
            <param index="6">
              <value>
                <![CDATA[https://www.BBC.com/]]>
              </value>
            </param>
          </params>
          <reporter-output>
          </reporter-output>
        </test-method> <!-- setUp -->
        <test-method status="PASS" signature="startExtent(java.lang.reflect.Method)[pri:0, instance:Homepage.Mainpage@2669b199]" name="startExtent" is-config="true" duration-ms="0" started-at="2019-03-30T18:21:31Z" finished-at="2019-03-30T18:21:31Z">
          <params>
            <param index="0">
              <value>
                <![CDATA[public void Homepage.Mainpage.about()]]>
              </value>
            </param>
          </params>
          <reporter-output>
          </reporter-output>
        </test-method> <!-- startExtent -->
        <test-method status="PASS" signature="about()[pri:0, instance:Homepage.Mainpage@2669b199]" name="about" duration-ms="3197" started-at="2019-03-30T18:21:31Z" finished-at="2019-03-30T18:21:34Z">
          <reporter-output>
          </reporter-output>
        </test-method> <!-- about -->
        <test-method status="PASS" signature="afterEachTestMethod(org.testng.ITestResult)[pri:0, instance:Homepage.Mainpage@2669b199]" name="afterEachTestMethod" is-config="true" duration-ms="1051" started-at="2019-03-30T18:21:34Z" finished-at="2019-03-30T18:21:35Z">
          <params>
            <param index="0">
              <value>
                <![CDATA[[TestResult name=about status=SUCCESS method=Mainpage.about()[pri:0, instance:Homepage.Mainpage@2669b199] output={null}]]]>
              </value>
            </param>
          </params>
          <reporter-output>
          </reporter-output>
        </test-method> <!-- afterEachTestMethod -->
        <test-method status="PASS" signature="cleanUp()[pri:0, instance:Homepage.Mainpage@2669b199]" name="cleanUp" is-config="true" duration-ms="0" started-at="2019-03-30T18:21:35Z" finished-at="2019-03-30T18:21:35Z">
          <reporter-output>
          </reporter-output>
        </test-method> <!-- cleanUp -->
        <test-method status="PASS" signature="setUp(boolean, java.lang.String, java.lang.String, java.lang.String, java.lang.String, java.lang.String, java.lang.String)[pri:0, instance:Homepage.Mainpage@2669b199]" name="setUp" is-config="true" duration-ms="7771" started-at="2019-03-30T18:21:35Z" finished-at="2019-03-30T18:21:43Z">
          <params>
            <param index="0">
              <value>
                <![CDATA[false]]>
              </value>
            </param>
            <param index="1">
              <value>
                <![CDATA[browserstack]]>
              </value>
            </param>
            <param index="2">
              <value>
                <![CDATA[OS X]]>
              </value>
            </param>
            <param index="3">
              <value>
                <![CDATA[Sierra]]>
              </value>
            </param>
            <param index="4">
              <value>
                <![CDATA[chrome]]>
              </value>
            </param>
            <param index="5">
              <value>
                <![CDATA[30.0]]>
              </value>
            </param>
            <param index="6">
              <value>
                <![CDATA[https://www.BBC.com/]]>
              </value>
            </param>
          </params>
          <reporter-output>
          </reporter-output>
        </test-method> <!-- setUp -->
        <test-method status="PASS" signature="startExtent(java.lang.reflect.Method)[pri:0, instance:Homepage.Mainpage@2669b199]" name="startExtent" is-config="true" duration-ms="1" started-at="2019-03-30T18:21:43Z" finished-at="2019-03-30T18:21:43Z">
          <params>
            <param index="0">
              <value>
                <![CDATA[public void Homepage.Mainpage.arabicLanguage()]]>
              </value>
            </param>
          </params>
          <reporter-output>
          </reporter-output>
        </test-method> <!-- startExtent -->
        <test-method status="PASS" signature="arabicLanguage()[pri:0, instance:Homepage.Mainpage@2669b199]" name="arabicLanguage" duration-ms="4484" started-at="2019-03-30T18:21:43Z" finished-at="2019-03-30T18:21:47Z">
          <reporter-output>
          </reporter-output>
        </test-method> <!-- arabicLanguage -->
        <test-method status="PASS" signature="afterEachTestMethod(org.testng.ITestResult)[pri:0, instance:Homepage.Mainpage@2669b199]" name="afterEachTestMethod" is-config="true" duration-ms="948" started-at="2019-03-30T18:21:47Z" finished-at="2019-03-30T18:21:48Z">
          <params>
            <param index="0">
              <value>
                <![CDATA[[TestResult name=arabicLanguage status=SUCCESS method=Mainpage.arabicLanguage()[pri:0, instance:Homepage.Mainpage@2669b199] output={null}]]]>
              </value>
            </param>
          </params>
          <reporter-output>
          </reporter-output>
        </test-method> <!-- afterEachTestMethod -->
        <test-method status="PASS" signature="cleanUp()[pri:0, instance:Homepage.Mainpage@2669b199]" name="cleanUp" is-config="true" duration-ms="0" started-at="2019-03-30T18:21:48Z" finished-at="2019-03-30T18:21:48Z">
          <reporter-output>
          </reporter-output>
        </test-method> <!-- cleanUp -->
        <test-method status="PASS" signature="setUp(boolean, java.lang.String, java.lang.String, java.lang.String, java.lang.String, java.lang.String, java.lang.String)[pri:0, instance:Homepage.Mainpage@2669b199]" name="setUp" is-config="true" duration-ms="8159" started-at="2019-03-30T18:21:48Z" finished-at="2019-03-30T18:21:56Z">
          <params>
            <param index="0">
              <value>
                <![CDATA[false]]>
              </value>
            </param>
            <param index="1">
              <value>
                <![CDATA[browserstack]]>
              </value>
            </param>
            <param index="2">
              <value>
                <![CDATA[OS X]]>
              </value>
            </param>
            <param index="3">
              <value>
                <![CDATA[Sierra]]>
              </value>
            </param>
            <param index="4">
              <value>
                <![CDATA[chrome]]>
              </value>
            </param>
            <param index="5">
              <value>
                <![CDATA[30.0]]>
              </value>
            </param>
            <param index="6">
              <value>
                <![CDATA[https://www.BBC.com/]]>
              </value>
            </param>
          </params>
          <reporter-output>
          </reporter-output>
        </test-method> <!-- setUp -->
        <test-method status="PASS" signature="bbcTechFacebook()[pri:0, instance:Homepage.Mainpage@2669b199]" name="bbcTechFacebook" duration-ms="11404" started-at="2019-03-30T18:21:56Z" finished-at="2019-03-30T18:22:08Z">
          <reporter-output>
          </reporter-output>
        </test-method> <!-- bbcTechFacebook -->
        <test-method status="PASS" signature="startExtent(java.lang.reflect.Method)[pri:0, instance:Homepage.Mainpage@2669b199]" name="startExtent" is-config="true" duration-ms="0" started-at="2019-03-30T18:21:56Z" finished-at="2019-03-30T18:21:56Z">
          <params>
            <param index="0">
              <value>
                <![CDATA[public void Homepage.Mainpage.bbcTechFacebook()]]>
              </value>
            </param>
          </params>
          <reporter-output>
          </reporter-output>
        </test-method> <!-- startExtent -->
        <test-method status="PASS" signature="afterEachTestMethod(org.testng.ITestResult)[pri:0, instance:Homepage.Mainpage@2669b199]" name="afterEachTestMethod" is-config="true" duration-ms="879" started-at="2019-03-30T18:22:08Z" finished-at="2019-03-30T18:22:09Z">
          <params>
            <param index="0">
              <value>
                <![CDATA[[TestResult name=bbcTechFacebook status=SUCCESS method=Mainpage.bbcTechFacebook()[pri:0, instance:Homepage.Mainpage@2669b199] output={null}]]]>
              </value>
            </param>
          </params>
          <reporter-output>
          </reporter-output>
        </test-method> <!-- afterEachTestMethod -->
        <test-method status="PASS" signature="cleanUp()[pri:0, instance:Homepage.Mainpage@2669b199]" name="cleanUp" is-config="true" duration-ms="0" started-at="2019-03-30T18:22:09Z" finished-at="2019-03-30T18:22:09Z">
          <reporter-output>
          </reporter-output>
        </test-method> <!-- cleanUp -->
        <test-method status="PASS" signature="setUp(boolean, java.lang.String, java.lang.String, java.lang.String, java.lang.String, java.lang.String, java.lang.String)[pri:0, instance:Homepage.Mainpage@2669b199]" name="setUp" is-config="true" duration-ms="9671" started-at="2019-03-30T18:22:09Z" finished-at="2019-03-30T18:22:18Z">
          <params>
            <param index="0">
              <value>
                <![CDATA[false]]>
              </value>
            </param>
            <param index="1">
              <value>
                <![CDATA[browserstack]]>
              </value>
            </param>
            <param index="2">
              <value>
                <![CDATA[OS X]]>
              </value>
            </param>
            <param index="3">
              <value>
                <![CDATA[Sierra]]>
              </value>
            </param>
            <param index="4">
              <value>
                <![CDATA[chrome]]>
              </value>
            </param>
            <param index="5">
              <value>
                <![CDATA[30.0]]>
              </value>
            </param>
            <param index="6">
              <value>
                <![CDATA[https://www.BBC.com/]]>
              </value>
            </param>
          </params>
          <reporter-output>
          </reporter-output>
        </test-method> <!-- setUp -->
        <test-method status="PASS" signature="startExtent(java.lang.reflect.Method)[pri:0, instance:Homepage.Mainpage@2669b199]" name="startExtent" is-config="true" duration-ms="1" started-at="2019-03-30T18:22:18Z" finished-at="2019-03-30T18:22:18Z">
          <params>
            <param index="0">
              <value>
                <![CDATA[public void Homepage.Mainpage.bbcTechTwitter()]]>
              </value>
            </param>
          </params>
          <reporter-output>
          </reporter-output>
        </test-method> <!-- startExtent -->
        <test-method status="PASS" signature="bbcTechTwitter()[pri:0, instance:Homepage.Mainpage@2669b199]" name="bbcTechTwitter" duration-ms="10087" started-at="2019-03-30T18:22:18Z" finished-at="2019-03-30T18:22:28Z">
          <reporter-output>
          </reporter-output>
        </test-method> <!-- bbcTechTwitter -->
        <test-method status="PASS" signature="afterEachTestMethod(org.testng.ITestResult)[pri:0, instance:Homepage.Mainpage@2669b199]" name="afterEachTestMethod" is-config="true" duration-ms="913" started-at="2019-03-30T18:22:28Z" finished-at="2019-03-30T18:22:29Z">
          <params>
            <param index="0">
              <value>
                <![CDATA[[TestResult name=bbcTechTwitter status=SUCCESS method=Mainpage.bbcTechTwitter()[pri:0, instance:Homepage.Mainpage@2669b199] output={null}]]]>
              </value>
            </param>
          </params>
          <reporter-output>
          </reporter-output>
        </test-method> <!-- afterEachTestMethod -->
        <test-method status="PASS" signature="cleanUp()[pri:0, instance:Homepage.Mainpage@2669b199]" name="cleanUp" is-config="true" duration-ms="0" started-at="2019-03-30T18:22:29Z" finished-at="2019-03-30T18:22:29Z">
          <reporter-output>
          </reporter-output>
        </test-method> <!-- cleanUp -->
        <test-method status="PASS" signature="setUp(boolean, java.lang.String, java.lang.String, java.lang.String, java.lang.String, java.lang.String, java.lang.String)[pri:0, instance:Homepage.Mainpage@2669b199]" name="setUp" is-config="true" duration-ms="9079" started-at="2019-03-30T18:22:29Z" finished-at="2019-03-30T18:22:38Z">
          <params>
            <param index="0">
              <value>
                <![CDATA[false]]>
              </value>
            </param>
            <param index="1">
              <value>
                <![CDATA[browserstack]]>
              </value>
            </param>
            <param index="2">
              <value>
                <![CDATA[OS X]]>
              </value>
            </param>
            <param index="3">
              <value>
                <![CDATA[Sierra]]>
              </value>
            </param>
            <param index="4">
              <value>
                <![CDATA[chrome]]>
              </value>
            </param>
            <param index="5">
              <value>
                <![CDATA[30.0]]>
              </value>
            </param>
            <param index="6">
              <value>
                <![CDATA[https://www.BBC.com/]]>
              </value>
[...]
      </class> <!-- Homepage.Mainpage -->
      <class name="Search.Searchbar">
        <test-method status="PASS" signature="setUp(boolean, java.lang.String, java.lang.String, java.lang.String, java.lang.String, java.lang.String, java.lang.String)[pri:0, instance:Search.Searchbar@5afa04c]" name="setUp" is-config="true" duration-ms="9818" started-at="2019-03-30T18:35:09Z" finished-at="2019-03-30T18:35:19Z">
          <params>
            <param index="0">
              <value>
                <![CDATA[false]]>
              </value>
            </param>
            <param index="1">
              <value>
                <![CDATA[browserstack]]>
              </value>
            </param>
            <param index="2">
              <value>
                <![CDATA[OS X]]>
              </value>
            </param>
            <param index="3">
              <value>
                <![CDATA[Sierra]]>
              </value>
            </param>
            <param index="4">
              <value>
                <![CDATA[chrome]]>
              </value>
            </param>
            <param index="5">
              <value>
                <![CDATA[30.0]]>
              </value>
            </param>
            <param index="6">
              <value>
                <![CDATA[https://www.BBC.com/]]>
              </value>
            </param>
          </params>
          <reporter-output>
          </reporter-output>
        </test-method> <!-- setUp -->
        <test-method status="PASS" signature="startExtent(java.lang.reflect.Method)[pri:0, instance:Search.Searchbar@5afa04c]" name="startExtent" is-config="true" duration-ms="1" started-at="2019-03-30T18:35:19Z" finished-at="2019-03-30T18:35:19Z">
          <params>
            <param index="0">
              <value>
                <![CDATA[public void Search.Searchbar.searchBar()]]>
              </value>
            </param>
          </params>
          <reporter-output>
          </reporter-output>
        </test-method> <!-- startExtent -->
        <test-method status="PASS" signature="searchBar()[pri:0, instance:Search.Searchbar@5afa04c]" name="searchBar" duration-ms="2715" started-at="2019-03-30T18:35:19Z" finished-at="2019-03-30T18:35:21Z">
          <reporter-output>
          </reporter-output>
        </test-method> <!-- searchBar -->
        <test-method status="PASS" signature="afterEachTestMethod(org.testng.ITestResult)[pri:0, instance:Search.Searchbar@5afa04c]" name="afterEachTestMethod" is-config="true" duration-ms="937" started-at="2019-03-30T18:35:21Z" finished-at="2019-03-30T18:35:22Z">
          <params>
            <param index="0">
              <value>
                <![CDATA[[TestResult name=searchBar status=SUCCESS method=Searchbar.searchBar()[pri:0, instance:Search.Searchbar@5afa04c] output={null}]]]>
              </value>
            </param>
          </params>
          <reporter-output>
          </reporter-output>
        </test-method> <!-- afterEachTestMethod -->
        <test-method status="PASS" signature="setUp(boolean, java.lang.String, java.lang.String, java.lang.String, java.lang.String, java.lang.String, java.lang.String)[pri:0, instance:Search.Searchbar@5afa04c]" name="setUp" is-config="true" duration-ms="8249" started-at="2019-03-30T18:35:22Z" finished-at="2019-03-30T18:35:31Z">
          <params>
            <param index="0">
              <value>
                <![CDATA[false]]>
              </value>
            </param>
            <param index="1">
              <value>
                <![CDATA[browserstack]]>
              </value>
            </param>
            <param index="2">
              <value>
                <![CDATA[OS X]]>
              </value>
            </param>
            <param index="3">
              <value>
                <![CDATA[Sierra]]>
              </value>
            </param>
            <param index="4">
              <value>
                <![CDATA[chrome]]>
              </value>
            </param>
            <param index="5">
              <value>
                <![CDATA[30.0]]>
              </value>
            </param>
            <param index="6">
              <value>
                <![CDATA[https://www.BBC.com/]]>
              </value>
            </param>
          </params>
          <reporter-output>
          </reporter-output>
        </test-method> <!-- setUp -->
        <test-method status="PASS" signature="cleanUp()[pri:0, instance:Search.Searchbar@5afa04c]" name="cleanUp" is-config="true" duration-ms="0" started-at="2019-03-30T18:35:22Z" finished-at="2019-03-30T18:35:22Z">
          <reporter-output>
          </reporter-output>
        </test-method> <!-- cleanUp -->
        <test-method status="PASS" signature="searchBusiness()[pri:0, instance:Search.Searchbar@5afa04c]" name="searchBusiness" duration-ms="2641" started-at="2019-03-30T18:35:31Z" finished-at="2019-03-30T18:35:33Z">
          <reporter-output>
          </reporter-output>
        </test-method> <!-- searchBusiness -->
        <test-method status="PASS" signature="startExtent(java.lang.reflect.Method)[pri:0, instance:Search.Searchbar@5afa04c]" name="startExtent" is-config="true" duration-ms="0" started-at="2019-03-30T18:35:31Z" finished-at="2019-03-30T18:35:31Z">
          <params>
            <param index="0">
              <value>
                <![CDATA[public void Search.Searchbar.searchBusiness()]]>
              </value>
            </param>
          </params>
          <reporter-output>
          </reporter-output>
        </test-method> <!-- startExtent -->
        <test-method status="PASS" signature="afterEachTestMethod(org.testng.ITestResult)[pri:0, instance:Search.Searchbar@5afa04c]" name="afterEachTestMethod" is-config="true" duration-ms="1114" started-at="2019-03-30T18:35:33Z" finished-at="2019-03-30T18:35:34Z">
          <params>
            <param index="0">
              <value>
                <![CDATA[[TestResult name=searchBusiness status=SUCCESS method=Searchbar.searchBusiness()[pri:0, instance:Search.Searchbar@5afa04c] output={null}]]]>
              </value>
            </param>
          </params>
          <reporter-output>
          </reporter-output>
        </test-method> <!-- afterEachTestMethod -->
        <test-method status="PASS" signature="setUp(boolean, java.lang.String, java.lang.String, java.lang.String, java.lang.String, java.lang.String, java.lang.String)[pri:0, instance:Search.Searchbar@5afa04c]" name="setUp" is-config="true" duration-ms="8865" started-at="2019-03-30T18:35:34Z" finished-at="2019-03-30T18:35:43Z">
          <params>
            <param index="0">
              <value>
                <![CDATA[false]]>
              </value>
            </param>
            <param index="1">
              <value>
                <![CDATA[browserstack]]>
              </value>
            </param>
            <param index="2">
              <value>
                <![CDATA[OS X]]>
              </value>
            </param>
            <param index="3">
              <value>
                <![CDATA[Sierra]]>
              </value>
            </param>
            <param index="4">
              <value>
                <![CDATA[chrome]]>
              </value>
            </param>
            <param index="5">
              <value>
                <![CDATA[30.0]]>
              </value>
            </param>
            <param index="6">
              <value>
                <![CDATA[https://www.BBC.com/]]>
              </value>
            </param>
          </params>
          <reporter-output>
          </reporter-output>
        </test-method> <!-- setUp -->
        <test-method status="PASS" signature="cleanUp()[pri:0, instance:Search.Searchbar@5afa04c]" name="cleanUp" is-config="true" duration-ms="0" started-at="2019-03-30T18:35:34Z" finished-at="2019-03-30T18:35:34Z">
          <reporter-output>
          </reporter-output>
        </test-method> <!-- cleanUp -->
        <test-method status="PASS" signature="startExtent(java.lang.reflect.Method)[pri:0, instance:Search.Searchbar@5afa04c]" name="startExtent" is-config="true" duration-ms="0" started-at="2019-03-30T18:35:43Z" finished-at="2019-03-30T18:35:43Z">
          <params>
            <param index="0">
              <value>
                <![CDATA[public void Search.Searchbar.searchButton()]]>
              </value>
            </param>
          </params>
          <reporter-output>
          </reporter-output>
        </test-method> <!-- startExtent -->
        <test-method status="PASS" signature="searchButton()[pri:0, instance:Search.Searchbar@5afa04c]" name="searchButton" duration-ms="2817" started-at="2019-03-30T18:35:43Z" finished-at="2019-03-30T18:35:46Z">
          <reporter-output>
          </reporter-output>
        </test-method> <!-- searchButton -->
        <test-method status="PASS" signature="afterEachTestMethod(org.testng.ITestResult)[pri:0, instance:Search.Searchbar@5afa04c]" name="afterEachTestMethod" is-config="true" duration-ms="831" started-at="2019-03-30T18:35:46Z" finished-at="2019-03-30T18:35:47Z">
          <params>
            <param index="0">
              <value>
                <![CDATA[[TestResult name=searchButton status=SUCCESS method=Searchbar.searchButton()[pri:0, instance:Search.Searchbar@5afa04c] output={null}]]]>
              </value>
            </param>
          </params>
          <reporter-output>
          </reporter-output>
        </test-method> <!-- afterEachTestMethod -->
        <test-method status="PASS" signature="setUp(boolean, java.lang.String, java.lang.String, java.lang.String, java.lang.String, java.lang.String, java.lang.String)[pri:0, instance:Search.Searchbar@5afa04c]" name="setUp" is-config="true" duration-ms="8783" started-at="2019-03-30T18:35:47Z" finished-at="2019-03-30T18:35:56Z">
          <params>
            <param index="0">
              <value>
                <![CDATA[false]]>
              </value>
            </param>
            <param index="1">
              <value>
                <![CDATA[browserstack]]>
              </value>
            </param>
            <param index="2">
              <value>
                <![CDATA[OS X]]>
              </value>
            </param>
            <param index="3">
              <value>
                <![CDATA[Sierra]]>
              </value>
            </param>
            <param index="4">
              <value>
                <![CDATA[chrome]]>
              </value>
            </param>
            <param index="5">
              <value>
                <![CDATA[30.0]]>
              </value>
            </param>
            <param index="6">
              <value>
                <![CDATA[https://www.BBC.com/]]>
              </value>
            </param>
          </params>
          <reporter-output>
          </reporter-output>
        </test-method> <!-- setUp -->
        <test-method status="PASS" signature="cleanUp()[pri:0, instance:Search.Searchbar@5afa04c]" name="cleanUp" is-config="true" duration-ms="0" started-at="2019-03-30T18:35:47Z" finished-at="2019-03-30T18:35:47Z">
          <reporter-output>
          </reporter-output>
        </test-method> <!-- cleanUp -->
        <test-method status="PASS" signature="startExtent(java.lang.reflect.Method)[pri:0, instance:Search.Searchbar@5afa04c]" name="startExtent" is-config="true" duration-ms="0" started-at="2019-03-30T18:35:56Z" finished-at="2019-03-30T18:35:56Z">
          <params>
            <param index="0">
              <value>
                <![CDATA[public void Search.Searchbar.searchRadio()]]>
              </value>
            </param>
          </params>
          <reporter-output>
          </reporter-output>
        </test-method> <!-- startExtent -->
        <test-method status="PASS" signature="searchRadio()[pri:0, instance:Search.Searchbar@5afa04c]" name="searchRadio" duration-ms="2875" started-at="2019-03-30T18:35:56Z" finished-at="2019-03-30T18:35:58Z">
          <reporter-output>
          </reporter-output>
        </test-method> <!-- searchRadio -->
        <test-method status="PASS" signature="afterEachTestMethod(org.testng.ITestResult)[pri:0, instance:Search.Searchbar@5afa04c]" name="afterEachTestMethod" is-config="true" duration-ms="874" started-at="2019-03-30T18:35:58Z" finished-at="2019-03-30T18:35:59Z">
          <params>
            <param index="0">
              <value>
                <![CDATA[[TestResult name=searchRadio status=SUCCESS method=Searchbar.searchRadio()[pri:0, instance:Search.Searchbar@5afa04c] output={null}]]]>
              </value>
            </param>
          </params>
          <reporter-output>
          </reporter-output>
        </test-method> <!-- afterEachTestMethod -->
        <test-method status="PASS" signature="cleanUp()[pri:0, instance:Search.Searchbar@5afa04c]" name="cleanUp" is-config="true" duration-ms="0" started-at="2019-03-30T18:35:59Z" finished-at="2019-03-30T18:35:59Z">
          <reporter-output>
          </reporter-output>
        </test-method> <!-- cleanUp -->
        <test-method status="PASS" signature="setUp(boolean, java.lang.String, java.lang.String, java.lang.String, java.lang.String, java.lang.String, java.lang.String)[pri:0, instance:Search.Searchbar@5afa04c]" name="setUp" is-config="true" duration-ms="8451" started-at="2019-03-30T18:35:59Z" finished-at="2019-03-30T18:36:08Z">
          <params>
            <param index="0">
              <value>
                <![CDATA[false]]>
              </value>
            </param>
            <param index="1">
              <value>
                <![CDATA[browserstack]]>
              </value>
            </param>
            <param index="2">
              <value>
                <![CDATA[OS X]]>
              </value>
            </param>
            <param index="3">
              <value>
                <![CDATA[Sierra]]>
              </value>
            </param>
            <param index="4">
              <value>
                <![CDATA[chrome]]>
              </value>
            </param>
            <param index="5">
              <value>
                <![CDATA[30.0]]>
              </value>
            </param>
            <param index="6">
              <value>
                <![CDATA[https://www.BBC.com/]]>
              </value>
            </param>
          </params>
          <reporter-output>
          </reporter-output>
        </test-method> <!-- setUp -->
        <test-method status="PASS" signature="startExtent(java.lang.reflect.Method)[pri:0, instance:Search.Searchbar@5afa04c]" name="startExtent" is-config="true" duration-ms="0" started-at="2019-03-30T18:36:08Z" finished-at="2019-03-30T18:36:08Z">
          <params>
            <param index="0">
              <value>
                <![CDATA[public void Search.Searchbar.searchWeather()]]>
              </value>
            </param>
          </params>
          <reporter-output>
          </reporter-output>
        </test-method> <!-- startExtent -->
        <test-method status="PASS" signature="searchWeather()[pri:0, instance:Search.Searchbar@5afa04c]" name="searchWeather" duration-ms="2702" started-at="2019-03-30T18:36:08Z" finished-at="2019-03-30T18:36:10Z">
          <reporter-output>
          </reporter-output>
        </test-method> <!-- searchWeather -->
        <test-method status="PASS" signature="afterEachTestMethod(org.testng.ITestResult)[pri:0, instance:Search.Searchbar@5afa04c]" name="afterEachTestMethod" is-config="true" duration-ms="930" started-at="2019-03-30T18:36:10Z" finished-at="2019-03-30T18:36:11Z">
          <params>
            <param index="0">
              <value>
                <![CDATA[[TestResult name=searchWeather status=SUCCESS method=Searchbar.searchWeather()[pri:0, instance:Search.Searchbar@5afa04c] output={null}]]]>
              </value>
            </param>
          </params>
          <reporter-output>
          </reporter-output>
        </test-method> <!-- afterEachTestMethod -->
        <test-method status="PASS" signature="cleanUp()[pri:0, instance:Search.Searchbar@5afa04c]" name="cleanUp" is-config="true" duration-ms="0" started-at="2019-03-30T18:36:11Z" finished-at="2019-03-30T18:36:11Z">
          <reporter-output>
          </reporter-output>
        </test-method> <!-- cleanUp -->
        <test-method status="PASS" signature="setUp(boolean, java.lang.String, java.lang.String, java.lang.String, java.lang.String, java.lang.String, java.lang.String)[pri:0, instance:Search.Searchbar@5afa04c]" name="setUp" is-config="true" duration-ms="8404" started-at="2019-03-30T18:36:11Z" finished-at="2019-03-30T18:36:20Z">
          <params>
            <param index="0">
              <value>
                <![CDATA[false]]>
              </value>
            </param>
            <param index="1">
              <value>
                <![CDATA[browserstack]]>
              </value>
            </param>
            <param index="2">
              <value>
                <![CDATA[OS X]]>
              </value>
            </param>
            <param index="3">
              <value>
                <![CDATA[Sierra]]>
              </value>
            </param>
            <param index="4">
              <value>
                <![CDATA[chrome]]>
              </value>
            </param>
            <param index="5">
              <value>
                <![CDATA[30.0]]>
              </value>
            </param>
            <param index="6">
              <value>
                <![CDATA[https://www.BBC.com/]]>
              </value>
            </param>
          </params>
          <reporter-output>
          </reporter-output>
        </test-method> <!-- setUp -->
        <test-method status="PASS" signature="startExtent(java.lang.reflect.Method)[pri:0, instance:Search.Searchbar@5afa04c]" name="startExtent" is-config="true" duration-ms="1" started-at="2019-03-30T18:36:20Z" finished-at="2019-03-30T18:36:20Z">
          <params>
            <param index="0">
              <value>
                <![CDATA[public void Search.Searchbar.testSearchItemsSql()]]>
              </value>
            </param>
          </params>
          <reporter-output>
          </reporter-output>
        </test-method> <!-- startExtent -->
        <test-method status="PASS" signature="testSearchItemsSql()[pri:0, instance:Search.Searchbar@5afa04c]" name="testSearchItemsSql" duration-ms="6828" started-at="2019-03-30T18:36:20Z" description="mysql test" finished-at="2019-03-30T18:36:27Z">
          <reporter-output>
            <line>
              <![CDATA[Searchbar: ]]>
            </line>
            <line>
              <![CDATA[Searchbar:  1]]>
            </line>
          </reporter-output>
        </test-method> <!-- testSearchItemsSql -->
        <test-method status="PASS" signature="afterEachTestMethod(org.testng.ITestResult)[pri:0, instance:Search.Searchbar@5afa04c]" name="afterEachTestMethod" is-config="true" duration-ms="886" started-at="2019-03-30T18:36:27Z" finished-at="2019-03-30T18:36:28Z">
          <params>
            <param index="0">
              <value>
                <![CDATA[[TestResult name=testSearchItemsSql status=SUCCESS method=Searchbar.testSearchItemsSql()[pri:0, instance:Search.Searchbar@5afa04c] output=Searchbar: ]]]>
              </value>
            </param>
          </params>
          <reporter-output>
          </reporter-output>
        </test-method> <!-- afterEachTestMethod -->
        <test-method status="PASS" signature="cleanUp()[pri:0, instance:Search.Searchbar@5afa04c]" name="cleanUp" is-config="true" duration-ms="0" started-at="2019-03-30T18:36:28Z" finished-at="2019-03-30T18:36:28Z">
          <reporter-output>
          </reporter-output>
        </test-method> <!-- cleanUp -->
      </class> <!-- Search.Searchbar -->
    </test> <!-- BBC Test -->
  </suite> <!-- BBC Automation Script  -->
</testng-results>
